Der Buildvorgang wurde am 20.10.2016 13:54:29 gestartet.
     1>Projekt "C:\Users\Martin\Documents\Visual Studio 2013\Projects\netica\SLRS\NetWrapper\NetWrapper.vcxproj" auf Knoten "2", Rebuild Ziel(e).
     1>ClCompile:
         C:\Program Files (x86)\Microsoft Visual Studio 12.0\VC\bin\x86_amd64\CL.exe /c /Zi /nologo /W1 /WX- /O2 /Gm- /EHsc /MD /GS /fp:precise /Zc:wchar_t /Zc:forScope /Fo"x64\Debug\\" /Fd"x64\Debug\vc120.pdb" /Gd /TP /errorReport:prompt AssemblyInfo.cpp NetWrapper.cpp
         AssemblyInfo.cpp
     1>AssemblyInfo.cpp(3): error C2871: 'System': Es ist kein Namespace mit diesem Namen vorhanden
     1>AssemblyInfo.cpp(4): error C2653: 'System': Keine Klasse oder Namespace
     1>AssemblyInfo.cpp(4): error C2871: 'Reflection': Es ist kein Namespace mit diesem Namen vorhanden
     1>AssemblyInfo.cpp(5): error C2653: 'System': Keine Klasse oder Namespace
     1>AssemblyInfo.cpp(5): error C2871: 'CompilerServices': Es ist kein Namespace mit diesem Namen vorhanden
     1>AssemblyInfo.cpp(6): error C2653: 'System': Keine Klasse oder Namespace
     1>AssemblyInfo.cpp(6): error C2871: 'InteropServices': Es ist kein Namespace mit diesem Namen vorhanden
     1>AssemblyInfo.cpp(7): error C2653: 'System': Keine Klasse oder Namespace
     1>AssemblyInfo.cpp(7): error C2871: 'Permissions': Es ist kein Namespace mit diesem Namen vorhanden
     1>AssemblyInfo.cpp(14): error C2337: "AssemblyTitleAttribute": Attribut wurde nicht gefunden.
     1>AssemblyInfo.cpp(15): error C2337: "AssemblyDescriptionAttribute": Attribut wurde nicht gefunden.
     1>AssemblyInfo.cpp(16): error C2337: "AssemblyConfigurationAttribute": Attribut wurde nicht gefunden.
     1>AssemblyInfo.cpp(17): error C2337: "AssemblyCompanyAttribute": Attribut wurde nicht gefunden.
     1>AssemblyInfo.cpp(18): error C2337: "AssemblyProductAttribute": Attribut wurde nicht gefunden.
     1>AssemblyInfo.cpp(19): error C2337: "AssemblyCopyrightAttribute": Attribut wurde nicht gefunden.
     1>AssemblyInfo.cpp(20): error C2337: "AssemblyTrademarkAttribute": Attribut wurde nicht gefunden.
     1>AssemblyInfo.cpp(21): error C2337: "AssemblyCultureAttribute": Attribut wurde nicht gefunden.
     1>AssemblyInfo.cpp(34): error C2337: "AssemblyVersionAttribute": Attribut wurde nicht gefunden.
     1>AssemblyInfo.cpp(36): error C2337: "ComVisible": Attribut wurde nicht gefunden.
     1>AssemblyInfo.cpp(38): error C2337: "CLSCompliantAttribute": Attribut wurde nicht gefunden.
         NetWrapper.cpp
         Code wird generiert...
     1>Die Erstellung des Projekts "C:\Users\Martin\Documents\Visual Studio 2013\Projects\netica\SLRS\NetWrapper\NetWrapper.vcxproj" ist abgeschlossen, Rebuild Ziel(e) -- FEHLER.

Fehler beim Buildvorgang.

Verstrichene Zeit 00:00:00.82
